2023-04-08 17:26:00,728 INFO com.tn.SpingWebBanHang2Application [restartedMain] Starting SpingWebBanHang2Application using Java 11.0.18 on DESKTOP-DJVKRRS with PID 8920 (D:\Railway62\Sping_Web_Ban_Hang2\target\classes started by Admin in D:\Railway62\Sping_Web_Ban_Hang2)
2023-04-08 17:26:00,775 INFO com.tn.SpingWebBanHang2Application [restartedMain] No active profile set, falling back to 1 default profile: "default"
2023-04-08 17:26:00,885 INFO org.springframework.boot.devtools.env.DevToolsPropertyDefaultsPostProcessor [restartedMain] Devtools property defaults active! Set 'spring.devtools.add-properties' to 'false' to disable
2023-04-08 17:26:00,885 INFO org.springframework.boot.devtools.env.DevToolsPropertyDefaultsPostProcessor [restartedMain] For additional web related logging consider setting the 'logging.level.web' property to 'DEBUG'
2023-04-08 17:26:02,165 INFO org.springframework.data.repository.config.RepositoryConfigurationDelegate [restartedMain] Bootstrapping Spring Data JPA repositories in DEFAULT mode.
2023-04-08 17:26:02,244 INFO org.springframework.data.repository.config.RepositoryConfigurationDelegate [restartedMain] Finished Spring Data repository scanning in 62 ms. Found 2 JPA repository interfaces.
2023-04-08 17:26:03,259 INFO org.springframework.boot.web.embedded.tomcat.TomcatWebServer [restartedMain] Tomcat initialized with port(s): 8080 (http)
2023-04-08 17:26:03,275 INFO org.apache.catalina.core.StandardService [restartedMain] Starting service [Tomcat]
2023-04-08 17:26:03,275 INFO org.apache.catalina.core.StandardEngine [restartedMain] Starting Servlet engine: [Apache Tomcat/9.0.73]
2023-04-08 17:26:03,384 INFO org.apache.catalina.core.ContainerBase.[Tomcat].[localhost].[/] [restartedMain] Initializing Spring embedded WebApplicationContext
2023-04-08 17:26:03,384 INFO org.springframework.boot.web.servlet.context.ServletWebServerApplicationContext [restartedMain] Root WebApplicationContext: initialization completed in 2484 ms
2023-04-08 17:26:03,696 INFO org.hibernate.jpa.internal.util.LogHelper [restartedMain] HHH000204: Processing PersistenceUnitInfo [name: default]
2023-04-08 17:26:03,774 INFO org.hibernate.Version [restartedMain] HHH000412: Hibernate ORM core version 5.6.15.Final
2023-04-08 17:26:03,993 INFO org.hibernate.annotations.common.Version [restartedMain] HCANN000001: Hibernate Commons Annotations {5.1.2.Final}
2023-04-08 17:26:04,134 INFO com.zaxxer.hikari.HikariDataSource [restartedMain] HikariPool-1 - Starting...
2023-04-08 17:26:04,805 INFO com.zaxxer.hikari.HikariDataSource [restartedMain] HikariPool-1 - Start completed.
2023-04-08 17:26:04,837 INFO org.hibernate.dialect.Dialect [restartedMain] HHH000400: Using dialect: org.hibernate.dialect.MySQL8Dialect
2023-04-08 17:26:05,712 INFO org.hibernate.engine.transaction.jta.platform.internal.JtaPlatformInitiator [restartedMain] HHH000490: Using JtaPlatform implementation: [org.hibernate.engine.transaction.jta.platform.internal.NoJtaPlatform]
2023-04-08 17:26:05,727 INFO org.springframework.orm.jpa.LocalContainerEntityManagerFactoryBean [restartedMain] Initialized JPA EntityManagerFactory for persistence unit 'default'
2023-04-08 17:26:05,774 WARN org.springframework.boot.autoconfigure.orm.jpa.JpaBaseConfiguration$JpaWebConfiguration [restartedMain] spring.jpa.open-in-view is enabled by default. Therefore, database queries may be performed during view rendering. Explicitly configure spring.jpa.open-in-view to disable this warning
2023-04-08 17:26:06,852 INFO org.springframework.security.web.DefaultSecurityFilterChain [restartedMain] Will secure any request with [org.springframework.security.web.session.DisableEncodeUrlFilter@4ebfa24d, org.springframework.security.web.context.request.async.WebAsyncManagerIntegrationFilter@2e876b13, org.springframework.security.web.context.SecurityContextPersistenceFilter@494f75ed, org.springframework.security.web.header.HeaderWriterFilter@189f94da, org.springframework.security.web.csrf.CsrfFilter@312509a0, org.springframework.security.web.authentication.logout.LogoutFilter@7260c84d, org.springframework.security.web.authentication.UsernamePasswordAuthenticationFilter@43a1cc65, org.springframework.security.web.authentication.ui.DefaultLoginPageGeneratingFilter@4fca721a, org.springframework.security.web.authentication.ui.DefaultLogoutPageGeneratingFilter@51bde4e3, org.springframework.security.web.authentication.www.BasicAuthenticationFilter@72e62e2b, org.springframework.security.web.savedrequest.RequestCacheAwareFilter@65968c3f, org.springframework.security.web.servletapi.SecurityContextHolderAwareRequestFilter@43bb6239, org.springframework.security.web.authentication.AnonymousAuthenticationFilter@6883f665, org.springframework.security.web.session.SessionManagementFilter@bb11a2d, org.springframework.security.web.access.ExceptionTranslationFilter@1f576356, org.springframework.security.web.access.intercept.FilterSecurityInterceptor@24c75b38]
2023-04-08 17:26:06,961 INFO org.springframework.boot.devtools.autoconfigure.OptionalLiveReloadServer [restartedMain] LiveReload server is running on port 35729
2023-04-08 17:26:07,039 INFO org.springframework.boot.web.embedded.tomcat.TomcatWebServer [restartedMain] Tomcat started on port(s): 8080 (http) with context path ''
2023-04-08 17:26:07,055 INFO com.tn.SpingWebBanHang2Application [restartedMain] Started SpingWebBanHang2Application in 7.732 seconds (JVM running for 10.367)
2023-04-08 17:30:20,063 INFO org.apache.catalina.core.ContainerBase.[Tomcat].[localhost].[/] [http-nio-8080-exec-2] Initializing Spring DispatcherServlet 'dispatcherServlet'
2023-04-08 17:30:20,064 INFO org.springframework.web.servlet.DispatcherServlet [http-nio-8080-exec-2] Initializing Servlet 'dispatcherServlet'
2023-04-08 17:30:20,066 INFO org.springframework.web.servlet.DispatcherServlet [http-nio-8080-exec-2] Completed initialization in 2 ms
2023-04-08 17:31:16,691 WARN org.apache.catalina.util.SessionIdGeneratorBase [http-nio-8080-exec-6] Creation of SecureRandom instance for session ID generation using [SHA1PRNG] took [548] milliseconds.
2023-04-08 17:31:41,150 INFO com.tn.controller.AccountController [http-nio-8080-exec-7] get all list account
2023-04-08 17:34:13,213 INFO org.springframework.orm.jpa.LocalContainerEntityManagerFactoryBean [SpringApplicationShutdownHook] Closing JPA EntityManagerFactory for persistence unit 'default'
2023-04-08 17:34:13,260 INFO com.zaxxer.hikari.HikariDataSource [SpringApplicationShutdownHook] HikariPool-1 - Shutdown initiated...
2023-04-08 17:34:13,354 INFO com.zaxxer.hikari.HikariDataSource [SpringApplicationShutdownHook] HikariPool-1 - Shutdown completed.
2023-04-08 17:34:24,539 INFO com.tn.SpingWebBanHang2Application [restartedMain] Starting SpingWebBanHang2Application using Java 11.0.18 on DESKTOP-DJVKRRS with PID 5832 (D:\Railway62\Sping_Web_Ban_Hang2\target\classes started by Admin in D:\Railway62\Sping_Web_Ban_Hang2)
2023-04-08 17:34:24,539 INFO com.tn.SpingWebBanHang2Application [restartedMain] No active profile set, falling back to 1 default profile: "default"
2023-04-08 17:34:24,601 INFO org.springframework.boot.devtools.env.DevToolsPropertyDefaultsPostProcessor [restartedMain] Devtools property defaults active! Set 'spring.devtools.add-properties' to 'false' to disable
2023-04-08 17:34:24,601 INFO org.springframework.boot.devtools.env.DevToolsPropertyDefaultsPostProcessor [restartedMain] For additional web related logging consider setting the 'logging.level.web' property to 'DEBUG'
2023-04-08 17:34:25,851 INFO org.springframework.data.repository.config.RepositoryConfigurationDelegate [restartedMain] Bootstrapping Spring Data JPA repositories in DEFAULT mode.
2023-04-08 17:34:25,945 INFO org.springframework.data.repository.config.RepositoryConfigurationDelegate [restartedMain] Finished Spring Data repository scanning in 81 ms. Found 2 JPA repository interfaces.
2023-04-08 17:34:27,022 INFO org.springframework.boot.web.embedded.tomcat.TomcatWebServer [restartedMain] Tomcat initialized with port(s): 8080 (http)
2023-04-08 17:34:27,038 INFO org.apache.catalina.core.StandardService [restartedMain] Starting service [Tomcat]
2023-04-08 17:34:27,038 INFO org.apache.catalina.core.StandardEngine [restartedMain] Starting Servlet engine: [Apache Tomcat/9.0.73]
2023-04-08 17:34:27,147 INFO org.apache.catalina.core.ContainerBase.[Tomcat].[localhost].[/] [restartedMain] Initializing Spring embedded WebApplicationContext
2023-04-08 17:34:27,147 INFO org.springframework.boot.web.servlet.context.ServletWebServerApplicationContext [restartedMain] Root WebApplicationContext: initialization completed in 2546 ms
2023-04-08 17:34:27,475 INFO org.hibernate.jpa.internal.util.LogHelper [restartedMain] HHH000204: Processing PersistenceUnitInfo [name: default]
2023-04-08 17:34:27,554 INFO org.hibernate.Version [restartedMain] HHH000412: Hibernate ORM core version 5.6.15.Final
2023-04-08 17:34:27,741 INFO org.hibernate.annotations.common.Version [restartedMain] HCANN000001: Hibernate Commons Annotations {5.1.2.Final}
2023-04-08 17:34:27,882 INFO com.zaxxer.hikari.HikariDataSource [restartedMain] HikariPool-1 - Starting...
2023-04-08 17:34:28,522 INFO com.zaxxer.hikari.HikariDataSource [restartedMain] HikariPool-1 - Start completed.
2023-04-08 17:34:28,553 INFO org.hibernate.dialect.Dialect [restartedMain] HHH000400: Using dialect: org.hibernate.dialect.MySQL8Dialect
2023-04-08 17:34:29,600 INFO org.hibernate.engine.transaction.jta.platform.internal.JtaPlatformInitiator [restartedMain] HHH000490: Using JtaPlatform implementation: [org.hibernate.engine.transaction.jta.platform.internal.NoJtaPlatform]
2023-04-08 17:34:29,616 INFO org.springframework.orm.jpa.LocalContainerEntityManagerFactoryBean [restartedMain] Initialized JPA EntityManagerFactory for persistence unit 'default'
2023-04-08 17:34:29,647 WARN org.springframework.boot.autoconfigure.orm.jpa.JpaBaseConfiguration$JpaWebConfiguration [restartedMain] spring.jpa.open-in-view is enabled by default. Therefore, database queries may be performed during view rendering. Explicitly configure spring.jpa.open-in-view to disable this warning
2023-04-08 17:34:30,787 INFO org.springframework.security.web.DefaultSecurityFilterChain [restartedMain] Will secure any request with [org.springframework.security.web.session.DisableEncodeUrlFilter@7b1e4d8f, org.springframework.security.web.context.request.async.WebAsyncManagerIntegrationFilter@7b5a8ded, org.springframework.security.web.context.SecurityContextPersistenceFilter@16915213, org.springframework.security.web.header.HeaderWriterFilter@11b113ef, org.springframework.security.web.csrf.CsrfFilter@30874515, org.springframework.security.web.authentication.logout.LogoutFilter@29228830, org.springframework.security.web.authentication.UsernamePasswordAuthenticationFilter@231e4fd1, org.springframework.security.web.authentication.ui.DefaultLoginPageGeneratingFilter@29195eeb, org.springframework.security.web.authentication.ui.DefaultLogoutPageGeneratingFilter@555b65d3, org.springframework.security.web.authentication.www.BasicAuthenticationFilter@4d48257b, org.springframework.security.web.savedrequest.RequestCacheAwareFilter@125b0264, org.springframework.security.web.servletapi.SecurityContextHolderAwareRequestFilter@13b4c790, org.springframework.security.web.authentication.AnonymousAuthenticationFilter@2359ced3, org.springframework.security.web.session.SessionManagementFilter@105f7766, org.springframework.security.web.access.ExceptionTranslationFilter@65aa1b0a, org.springframework.security.web.access.intercept.FilterSecurityInterceptor@69cf7e2b]
2023-04-08 17:34:30,865 INFO org.springframework.boot.devtools.autoconfigure.OptionalLiveReloadServer [restartedMain] LiveReload server is running on port 35729
2023-04-08 17:34:30,928 INFO org.springframework.boot.web.embedded.tomcat.TomcatWebServer [restartedMain] Tomcat started on port(s): 8080 (http) with context path ''
2023-04-08 17:34:30,959 INFO com.tn.SpingWebBanHang2Application [restartedMain] Started SpingWebBanHang2Application in 7.254 seconds (JVM running for 9.504)
2023-04-08 17:34:37,341 INFO org.apache.catalina.core.ContainerBase.[Tomcat].[localhost].[/] [http-nio-8080-exec-2] Initializing Spring DispatcherServlet 'dispatcherServlet'
2023-04-08 17:34:37,342 INFO org.springframework.web.servlet.DispatcherServlet [http-nio-8080-exec-2] Initializing Servlet 'dispatcherServlet'
2023-04-08 17:34:37,344 INFO org.springframework.web.servlet.DispatcherServlet [http-nio-8080-exec-2] Completed initialization in 2 ms
2023-04-08 17:35:23,870 WARN org.apache.catalina.util.SessionIdGeneratorBase [http-nio-8080-exec-7] Creation of SecureRandom instance for session ID generation using [SHA1PRNG] took [282] milliseconds.
2023-04-08 17:35:37,677 INFO com.tn.controller.AccountController [http-nio-8080-exec-4] get all list account
2023-04-08 17:37:30,639 INFO org.springframework.orm.jpa.LocalContainerEntityManagerFactoryBean [SpringApplicationShutdownHook] Closing JPA EntityManagerFactory for persistence unit 'default'
2023-04-08 17:37:30,639 INFO com.zaxxer.hikari.HikariDataSource [SpringApplicationShutdownHook] HikariPool-1 - Shutdown initiated...
2023-04-08 17:37:30,670 INFO com.zaxxer.hikari.HikariDataSource [SpringApplicationShutdownHook] HikariPool-1 - Shutdown completed.
